2021-01-15T11:55:06+0800 INFO action"SELECT"; databse: "sqlite:///Hotel.db"; table:"Guest"; rows: "3"
2021-01-18T11:30:33+0800 INFO action"SELECT"; databse: "sqlite:///Hotel.db"; table:"Manager"; rows: "1"
2021-01-18T11:30:52+0800 INFO action"SELECT"; databse: "sqlite:///Hotel.db"; table:"Manager"; rows: "1"
2021-01-18T11:31:14+0800 INFO action"SELECT"; databse: "sqlite:///Hotel.db"; table:"Guest"; rows: "1"
2021-01-18T11:34:33+0800 INFO action"SELECT"; databse: "sqlite:///Hotel.db"; table:"Manager"; rows: "1"
2021-01-18T11:34:39+0800 INFO action"SELECT"; databse: "sqlite:///Hotel.db"; table:"Room"; rows: "1"
2021-01-18T11:34:44+0800 INFO action"SELECT"; databse: "sqlite:///Hotel.db"; table:"Guest"; rows: "1"
2021-01-18T11:36:03+0800 INFO action"SELECT"; databse: "sqlite:///Hotel.db"; table:"Guest"; rows: "1"
2021-01-18T11:41:57+0800 INFO action"SELECT"; databse: "sqlite:///Hotel.db"; table:"Guest"; rows: "1"
2021-01-18T11:45:43+0800 INFO action"SELECT"; databse: "sqlite:///Hotel.db"; table:"Guest"; rows: "1"
2021-01-18T11:46:05+0800 INFO action"SELECT"; databse: "sqlite:///Hotel.db"; table:"Guest"; rows: "1"
2021-01-18T12:01:33+0800 INFO action"SELECT"; databse: "sqlite:///Hotel.db"; table:"Guest"; rows: "1"
2021-01-18T12:14:18+0800 INFO action"SELECT"; databse: "sqlite:///Hotel.db"; table:"Guest"; rows: "1"
2021-01-18T12:17:22+0800 INFO action"SELECT"; databse: "sqlite:///Hotel.db"; table:"Guest"; rows: "1"
2021-01-18T12:17:39+0800 INFO action"SELECT"; databse: "sqlite:///Hotel.db"; table:"Guest"; rows: "1"
2021-01-18T12:18:06+0800 INFO action"SELECT"; databse: "sqlite:///Hotel.db"; table:"Guest"; rows: "1"
2021-01-18T12:18:54+0800 INFO action"SELECT"; databse: "sqlite:///Hotel.db"; table:"Guest"; rows: "1"
2021-01-18T12:19:14+0800 INFO action"SELECT"; databse: "sqlite:///Hotel.db"; table:"Guest"; rows: "1"
2021-01-18T12:19:54+0800 INFO action"SELECT"; databse: "sqlite:///Hotel.db"; table:"Guest"; rows: "1"
2021-01-18T12:20:34+0800 INFO action"SELECT"; databse: "sqlite:///Hotel.db"; table:"Guest"; rows: "1"
2021-01-18T12:20:52+0800 INFO action"SELECT"; databse: "sqlite:///Hotel.db"; table:"Guest"; rows: "1"
2021-01-18T12:21:19+0800 INFO action"SELECT"; databse: "sqlite:///Hotel.db"; table:"Guest"; rows: "1"
2021-01-18T12:21:43+0800 INFO action"SELECT"; databse: "sqlite:///Hotel.db"; table:"Guest"; rows: "1"
2021-01-18T12:26:11+0800 INFO action"SELECT"; databse: "sqlite:///Hotel.db"; table:"Guest"; rows: "1"
2021-01-18T12:27:31+0800 INFO action"SELECT"; databse: "sqlite:///Hotel.db"; table:"Guest"; rows: "1"
2021-01-18T12:29:48+0800 INFO action"SELECT"; databse: "sqlite:///Hotel.db"; table:"Guest"; rows: "1"
2021-01-18T12:30:21+0800 INFO action"SELECT"; databse: "sqlite:///Hotel.db"; table:"Guest"; rows: "1"
2021-01-18T12:30:23+0800 INFO action"SELECT"; databse: "sqlite:///Hotel.db"; table:"Guest"; rows: "1"
2021-01-18T12:32:56+0800 INFO action"SELECT"; databse: "sqlite:///Hotel.db"; table:"Guest"; rows: "1"
2021-01-18T12:34:26+0800 INFO action"SELECT"; databse: "sqlite:///Hotel.db"; table:"Guest"; rows: "1"
2021-01-18T12:34:40+0800 INFO action"SELECT"; databse: "sqlite:///Hotel.db"; table:"Guest"; rows: "1"
2021-01-18T12:39:09+0800 INFO action"SELECT"; databse: "sqlite:///Hotel.db"; table:"Guest"; rows: "1"
2021-01-18T12:39:26+0800 INFO action"SELECT"; databse: "sqlite:///Hotel.db"; table:"Guest"; rows: "1"
2021-01-18T12:45:43+0800 INFO action"SELECT"; databse: "sqlite:///Hotel.db"; table:"Guest"; rows: "1"
2021-01-18T12:46:03+0800 INFO action"SELECT"; databse: "sqlite:///Hotel.db"; table:"Manager"; rows: "1"
2021-01-18T12:48:10+0800 INFO action"SELECT"; databse: "sqlite:///Hotel.db"; table:"Manager"; rows: "1"
2021-01-18T12:48:26+0800 INFO action"SELECT"; databse: "sqlite:///Hotel.db"; table:"Manager"; rows: "1"
2021-01-18T12:49:55+0800 INFO action"SELECT"; databse: "sqlite:///Hotel.db"; table:"Manager"; rows: "1"
2021-01-18T12:51:07+0800 INFO action"SELECT"; databse: "sqlite:///Hotel.db"; table:"Manager"; rows: "1"
2021-01-18T12:55:33+0800 INFO action"SELECT"; databse: "sqlite:///Hotel.db"; table:"Manager"; rows: "1"
2021-01-18T12:55:38+0800 INFO action"SELECT"; databse: "sqlite:///Hotel.db"; table:"Manager"; rows: "1"
2021-01-18T12:55:39+0800 INFO action"SELECT"; databse: "sqlite:///Hotel.db"; table:"Guest"; rows: "1"
2021-01-18T12:55:43+0800 INFO action"SELECT"; databse: "sqlite:///Hotel.db"; table:"Guest"; rows: "1"
2021-01-18T12:56:29+0800 INFO action"SELECT"; databse: "sqlite:///Hotel.db"; table:"Guest"; rows: "1"
2021-01-18T12:56:54+0800 INFO action"SELECT"; databse: "sqlite:///Hotel.db"; table:"Guest"; rows: "1"
2021-01-18T12:57:11+0800 INFO action"SELECT"; databse: "sqlite:///Hotel.db"; table:"Guest"; rows: "1"
2021-01-18T12:57:41+0800 INFO action"SELECT"; databse: "sqlite:///Hotel.db"; table:"Guest"; rows: "1"
2021-01-18T12:58:08+0800 INFO action"SELECT"; databse: "sqlite:///Hotel.db"; table:"Manager"; rows: "1"
2021-01-18T12:58:13+0800 INFO action"SELECT"; databse: "sqlite:///Hotel.db"; table:"Guest"; rows: "1"
2021-01-18T12:58:16+0800 INFO action"SELECT"; databse: "sqlite:///Hotel.db"; table:"Manager"; rows: "1"
2021-01-18T13:01:01+0800 INFO action"SELECT"; databse: "sqlite:///Hotel.db"; table:"Manager"; rows: "1"
2021-01-18T13:01:25+0800 INFO action"SELECT"; databse: "sqlite:///Hotel.db"; table:"Manager"; rows: "1"
2021-01-18T13:01:29+0800 INFO action"SELECT"; databse: "sqlite:///Hotel.db"; table:"Manager"; rows: "1"
2021-01-18T13:01:31+0800 INFO action"SELECT"; databse: "sqlite:///Hotel.db"; table:"Guest"; rows: "1"
2021-01-18T13:01:42+0800 INFO action"SELECT"; databse: "sqlite:///Hotel.db"; table:"Manager"; rows: "1"
2021-01-18T13:01:46+0800 INFO action"SELECT"; databse: "sqlite:///Hotel.db"; table:"Guest"; rows: "1"
2021-01-18T13:02:29+0800 INFO action"SELECT"; databse: "sqlite:///Hotel.db"; table:"Guest"; rows: "1"
2021-01-18T13:02:43+0800 INFO action"SELECT"; databse: "sqlite:///Hotel.db"; table:"Manager"; rows: "1"
2021-01-18T13:03:42+0800 INFO action"SELECT"; databse: "sqlite:///Hotel.db"; table:"Guest"; rows: "1"
2021-01-18T13:04:04+0800 INFO action"SELECT"; databse: "sqlite:///Hotel.db"; table:"Manager"; rows: "1"
2021-01-18T13:04:06+0800 INFO action"SELECT"; databse: "sqlite:///Hotel.db"; table:"Guest"; rows: "1"
2021-01-18T13:20:24+0800 INFO action"SELECT"; databse: "sqlite:///Hotel.db"; table:"Guest"; rows: "1"
2021-01-18T13:21:15+0800 INFO action"SELECT"; databse: "sqlite:///Hotel.db"; table:"Guest"; rows: "1"
2021-01-18T13:21:59+0800 INFO action"SELECT"; databse: "sqlite:///Hotel.db"; table:"Guest"; rows: "1"
2021-01-18T13:22:16+0800 INFO action"SELECT"; databse: "sqlite:///Hotel.db"; table:"Guest"; rows: "1"
2021-01-18T13:23:19+0800 INFO action"SELECT"; databse: "sqlite:///Hotel.db"; table:"Manager"; rows: "1"
2021-01-18T13:23:23+0800 INFO action"SELECT"; databse: "sqlite:///Hotel.db"; table:"Guest"; rows: "1"
2021-01-18T13:23:51+0800 INFO action"SELECT"; databse: "sqlite:///Hotel.db"; table:"Guest"; rows: "2"
2021-01-18T13:25:16+0800 INFO action"SELECT"; databse: "sqlite:///Hotel.db"; table:"Guest"; rows: "2"
2021-01-18T13:26:34+0800 INFO action"SELECT"; databse: "sqlite:///Hotel.db"; table:"Guest"; rows: "2"
2021-01-18T13:27:22+0800 INFO action"SELECT"; databse: "sqlite:///Hotel.db"; table:"Guest"; rows: "2"
2021-01-18T13:28:27+0800 INFO action"SELECT"; databse: "sqlite:///Hotel.db"; table:"Guest"; rows: "2"
2021-01-18T13:28:37+0800 INFO action"SELECT"; databse: "sqlite:///Hotel.db"; table:"Guest"; rows: "2"
2021-01-18T13:29:32+0800 INFO action"SELECT"; databse: "sqlite:///Hotel.db"; table:"Guest"; rows: "2"
2021-01-18T13:29:58+0800 INFO action"SELECT"; databse: "sqlite:///Hotel.db"; table:"Guest"; rows: "2"
2021-01-18T13:30:55+0800 INFO action"SELECT"; databse: "sqlite:///Hotel.db"; table:"Guest"; rows: "2"
2021-01-18T13:36:37+0800 INFO action"SELECT"; databse: "sqlite:///Hotel.db"; table:"Guest"; rows: "2"
2021-01-18T13:40:55+0800 INFO action"SELECT"; databse: "sqlite:///Hotel.db"; table:"Guest"; rows: "2"
2021-01-18T13:41:11+0800 INFO action"SELECT"; databse: "sqlite:///Hotel.db"; table:"Guest"; rows: "2"
2021-01-18T13:41:27+0800 INFO action"SELECT"; databse: "sqlite:///Hotel.db"; table:"Guest"; rows: "2"
2021-01-18T13:49:38+0800 INFO action"SELECT"; databse: "sqlite:///Hotel.db"; table:"Guest"; rows: "2"
2021-01-18T13:50:54+0800 INFO action"SELECT"; databse: "sqlite:///Hotel.db"; table:"Guest"; rows: "2"
2021-01-18T13:51:31+0800 INFO action"SELECT"; databse: "sqlite:///Hotel.db"; table:"Guest"; rows: "2"
2021-01-18T13:53:38+0800 INFO action"SELECT"; databse: "sqlite:///Hotel.db"; table:"Guest"; rows: "2"
2021-01-18T14:48:57+0800 INFO action"SELECT"; databse: "sqlite:///Hotel.db"; table:"Guest"; rows: "2"
2021-01-18T14:49:10+0800 INFO action"SELECT"; databse: "sqlite:///Hotel.db"; table:"Guest"; rows: "2"
2021-01-18T18:10:45+0800 INFO action"SELECT"; databse: "sqlite:///Hotel.db"; table:"Guest"; rows: "2"
2021-01-18T18:13:36+0800 INFO action"SELECT"; databse: "sqlite:///Hotel.db"; table:"Guest"; rows: "0"
2021-01-18T18:14:48+0800 INFO action"SELECT"; databse: "sqlite:///Hotel.db"; table:"Guest"; rows: "0"
2021-01-18T18:14:51+0800 INFO action"SELECT"; databse: "sqlite:///Hotel.db"; table:"Guest"; rows: "0"
2021-01-18T18:23:02+0800 INFO action"SELECT"; databse: "sqlite:///Hotel.db"; table:"Manager"; rows: "1"
2021-01-18T18:23:14+0800 INFO action"SELECT"; databse: "sqlite:///Hotel.db"; table:"Manager"; rows: "1"
2021-01-18T18:24:27+0800 INFO action"SELECT"; databse: "sqlite:///Hotel.db"; table:"Guest"; rows: "2"
2021-01-18T18:25:46+0800 INFO action"SELECT"; databse: "sqlite:///Hotel.db"; table:"Guest"; rows: "2"
2021-01-18T18:26:35+0800 INFO action"SELECT"; databse: "sqlite:///Hotel.db"; table:"Guest"; rows: "2"
2021-01-18T18:26:46+0800 INFO action"SELECT"; databse: "sqlite:///Hotel.db"; table:"Guest"; rows: "2"
2021-01-18T18:26:50+0800 INFO action"SELECT"; databse: "sqlite:///Hotel.db"; table:"Room"; rows: "2"
2021-01-18T18:26:51+0800 INFO action"SELECT"; databse: "sqlite:///Hotel.db"; table:"Guest"; rows: "2"
2021-01-18T18:27:55+0800 INFO action"SELECT"; databse: "sqlite:///Hotel.db"; table:"Guest"; rows: "2"
2021-01-18T18:28:09+0800 INFO action"SELECT"; databse: "sqlite:///Hotel.db"; table:"Guest"; rows: "2"
2021-01-18T18:28:27+0800 INFO action"SELECT"; databse: "sqlite:///Hotel.db"; table:"Guest"; rows: "2"
2021-01-18T18:29:01+0800 INFO action"SELECT"; databse: "sqlite:///Hotel.db"; table:"Manager"; rows: "2"
2021-01-18T18:31:13+0800 INFO action"SELECT"; databse: "sqlite:///Hotel.db"; table:"Manager"; rows: "2"
2021-01-18T18:31:36+0800 INFO action"SELECT"; databse: "sqlite:///Hotel.db"; table:"Guest"; rows: "2"
2021-01-18T18:33:54+0800 INFO action"SELECT"; databse: "sqlite:///Hotel.db"; table:"Guest"; rows: "2"
2021-01-18T18:34:05+0800 INFO action"SELECT"; databse: "sqlite:///Hotel.db"; table:"Guest"; rows: "2"
2021-01-18T18:34:16+0800 INFO action"SELECT"; databse: "sqlite:///Hotel.db"; table:"Room"; rows: "2"
2021-01-18T18:34:18+0800 INFO action"SELECT"; databse: "sqlite:///Hotel.db"; table:"Guest"; rows: "2"
2021-01-18T18:34:30+0800 INFO action"SELECT"; databse: "sqlite:///Hotel.db"; table:"Guest"; rows: "2"
2021-01-18T18:35:31+0800 INFO action"SELECT"; databse: "sqlite:///Hotel.db"; table:"Guest"; rows: "2"
2021-01-18T18:35:42+0800 INFO action"SELECT"; databse: "sqlite:///Hotel.db"; table:"Guest"; rows: "2"
2021-01-18T18:36:17+0800 INFO action"SELECT"; databse: "sqlite:///Hotel.db"; table:"Guest"; rows: "2"
2021-01-18T18:36:24+0800 INFO action"SELECT"; databse: "sqlite:///Hotel.db"; table:"Guest"; rows: "2"
2021-01-18T18:37:06+0800 INFO action"SELECT"; databse: "sqlite:///Hotel.db"; table:"Guest"; rows: "2"
2021-01-18T18:37:33+0800 INFO action"SELECT"; databse: "sqlite:///Hotel.db"; table:"Guest"; rows: "2"
2021-01-18T18:38:37+0800 INFO action"SELECT"; databse: "sqlite:///Hotel.db"; table:"Guest"; rows: "2"
2021-01-18T18:38:55+0800 INFO action"SELECT"; databse: "sqlite:///Hotel.db"; table:"Guest"; rows: "2"
2021-01-18T18:39:16+0800 INFO action"SELECT"; databse: "sqlite:///Hotel.db"; table:"Guest"; rows: "2"
2021-01-19T02:57:22+0800 INFO action"SELECT"; databse: "sqlite:///Hotel.db"; table:"Guest"; rows: "2"
2021-01-19T02:57:40+0800 INFO action"SELECT"; databse: "sqlite:///Hotel.db"; table:"Guest"; rows: "2"
2021-01-19T02:57:57+0800 INFO action"SELECT"; databse: "sqlite:///Hotel.db"; table:"Guest"; rows: "2"
2021-01-27T18:04:37+0800 WARNING file_cache is unavailable when using oauth2client >= 4.0.0 or google-auth
Traceback (most recent call last):
  File "C:\Users\Matthias Chew\Downloads\NYP stuff\year 2\crypto\Practical06\Practical06\MySignature\Application\lib\site-packages\googleapiclient\discovery_cache\file_cache.py", line 33, in <module>
    from oauth2client.contrib.locked_file import LockedFile
ModuleNotFoundError: No module named 'oauth2client.contrib.locked_file'

During handling of the above exception, another exception occurred:

Traceback (most recent call last):
  File "C:\Users\Matthias Chew\Downloads\NYP stuff\year 2\crypto\Practical06\Practical06\MySignature\Application\lib\site-packages\googleapiclient\discovery_cache\file_cache.py", line 37, in <module>
    from oauth2client.locked_file import LockedFile
ModuleNotFoundError: No module named 'oauth2client.locked_file'

During handling of the above exception, another exception occurred:

Traceback (most recent call last):
  File "C:\Users\Matthias Chew\Downloads\NYP stuff\year 2\crypto\Practical06\Practical06\MySignature\Application\lib\site-packages\googleapiclient\discovery_cache\__init__.py", line 44, in autodetect
    from . import file_cache
  File "C:\Users\Matthias Chew\Downloads\NYP stuff\year 2\crypto\Practical06\Practical06\MySignature\Application\lib\site-packages\googleapiclient\discovery_cache\file_cache.py", line 41, in <module>
    "file_cache is unavailable when using oauth2client >= 4.0.0 or google-auth"
ImportError: file_cache is unavailable when using oauth2client >= 4.0.0 or google-auth
2021-01-27T18:04:37+0800 DEBUG URL being requested: GET https://www.googleapis.com/discovery/v1/apis/drive/v3/rest
2021-01-27T18:04:38+0800 DEBUG URL being requested: GET https://www.googleapis.com/drive/v3/files?pageSize=10&fields=nextPageToken%2C+files%28id%2C+name%29&q=fullText+contains+%27.db%27&alt=json
2021-01-27T18:04:38+0800 DEBUG URL being requested: GET https://www.googleapis.com/drive/v3/files/1uEJlqgapyxZCp8wphId8eeY7wAGu67b3?alt=media
2021-01-27T18:05:06+0800 INFO action"SELECT"; databse: "sqlite:///Hotel.db"; table:"Guest"; rows: "2"
